This file contains any messages produced by compilers while
running configure, to aid debugging if configure makes a mistake.

It was created by f5c configure 1.0, which was
generated by GNU Autoconf 2.69.  Invocation command line was

  $ ./configure 

## --------- ##
## Platform. ##
## --------- ##

hostname = meqneuropat03
uname -m = x86_64
uname -r = 4.15.0-158-generic
uname -s = Linux
uname -v = #166-Ubuntu SMP Fri Sep 17 19:37:52 UTC 2021

/usr/bin/uname -p = unknown
/bin/uname -X     = unknown

/bin/arch              = unknown
/usr/bin/arch -k       = unknown
/usr/convex/getsysinfo = unknown
/usr/bin/hostinfo      = unknown
/bin/machine           = unknown
/usr/bin/oslevel       = unknown
/bin/universe          = unknown

PATH: /usr/local/cuda/bin
PATH: /usr/local/cuda/bin
PATH: /usr/local/sbin
PATH: /usr/local/bin
PATH: /usr/sbin
PATH: /usr/bin
PATH: /sbin
PATH: /bin
PATH: /usr/games
PATH: /usr/local/games
PATH: /snap/bin


## ----------- ##
## Core tests. ##
## ----------- ##

configure:2412: checking for gcc
configure:2428: found /usr/bin/gcc
configure:2439: result: gcc
configure:2470: checking for C compiler version
configure:2479: gcc --version >&5
gcc (Ubuntu 7.5.0-3ubuntu1~18.04) 7.5.0
Copyright (C) 2017 Free Software Foundation, Inc.
This is free software; see the source for copying conditions.  There is NO
warranty; not even for MERCHANTABILITY or FITNESS FOR A PARTICULAR PURPOSE.

configure:2490: $? = 0
configure:2479: gcc -v >&5
Using built-in specs.
COLLECT_GCC=gcc
COLLECT_LTO_WRAPPER=/usr/lib/gcc/x86_64-linux-gnu/7/lto-wrapper
OFFLOAD_TARGET_NAMES=nvptx-none
OFFLOAD_TARGET_DEFAULT=1
Target: x86_64-linux-gnu
Configured with: ../src/configure -v --with-pkgversion='Ubuntu 7.5.0-3ubuntu1~18.04' --with-bugurl=file:///usr/share/doc/gcc-7/README.Bugs --enable-languages=c,ada,c++,go,brig,d,fortran,objc,obj-c++ --prefix=/usr --with-gcc-major-version-only --program-suffix=-7 --program-prefix=x86_64-linux-gnu- --enable-shared --enable-linker-build-id --libexecdir=/usr/lib --without-included-gettext --enable-threads=posix --libdir=/usr/lib --enable-nls --enable-bootstrap --enable-clocale=gnu --enable-libstdcxx-debug --enable-libstdcxx-time=yes --with-default-libstdcxx-abi=new --enable-gnu-unique-object --disable-vtable-verify --enable-libmpx --enable-plugin --enable-default-pie --with-system-zlib --with-target-system-zlib --enable-objc-gc=auto --enable-multiarch --disable-werror --with-arch-32=i686 --with-abi=m64 --with-multilib-list=m32,m64,mx32 --enable-multilib --with-tune=generic --enable-offload-targets=nvptx-none --without-cuda-driver --enable-checking=release --build=x86_64-linux-gnu --host=x86_64-linux-gnu --target=x86_64-linux-gnu
Thread model: posix
gcc version 7.5.0 (Ubuntu 7.5.0-3ubuntu1~18.04) 
configure:2490: $? = 0
configure:2479: gcc -V >&5
gcc: error: unrecognized command line option '-V'
gcc: fatal error: no input files
compilation terminated.
configure:2490: $? = 1
configure:2479: gcc -qversion >&5
gcc: error: unrecognized command line option '-qversion'; did you mean '--version'?
gcc: fatal error: no input files
compilation terminated.
configure:2490: $? = 1
configure:2510: checking whether the C compiler works
configure:2532: gcc    conftest.c  >&5
configure:2536: $? = 0
configure:2584: result: yes
configure:2587: checking for C compiler default output file name
configure:2589: result: a.out
configure:2595: checking for suffix of executables
configure:2602: gcc -o conftest    conftest.c  >&5
configure:2606: $? = 0
configure:2628: result: 
configure:2650: checking whether we are cross compiling
configure:2658: gcc -o conftest    conftest.c  >&5
configure:2662: $? = 0
configure:2669: ./conftest
configure:2673: $? = 0
configure:2688: result: no
configure:2693: checking for suffix of object files
configure:2715: gcc -c   conftest.c >&5
configure:2719: $? = 0
configure:2740: result: o
configure:2744: checking whether we are using the GNU C compiler
configure:2763: gcc -c   conftest.c >&5
configure:2763: $? = 0
configure:2772: result: yes
configure:2781: checking whether gcc accepts -g
configure:2801: gcc -c -g  conftest.c >&5
configure:2801: $? = 0
configure:2842: result: yes
configure:2859: checking for gcc option to accept ISO C89
configure:2922: gcc  -c -g -O2  conftest.c >&5
configure:2922: $? = 0
configure:2935: result: none needed
configure:3013: checking for g++
configure:3029: found /usr/bin/g++
configure:3040: result: g++
configure:3067: checking for C++ compiler version
configure:3076: g++ --version >&5
g++ (Ubuntu 7.5.0-3ubuntu1~18.04) 7.5.0
Copyright (C) 2017 Free Software Foundation, Inc.
This is free software; see the source for copying conditions.  There is NO
warranty; not even for MERCHANTABILITY or FITNESS FOR A PARTICULAR PURPOSE.

configure:3087: $? = 0
configure:3076: g++ -v >&5
Using built-in specs.
COLLECT_GCC=g++
COLLECT_LTO_WRAPPER=/usr/lib/gcc/x86_64-linux-gnu/7/lto-wrapper
OFFLOAD_TARGET_NAMES=nvptx-none
OFFLOAD_TARGET_DEFAULT=1
Target: x86_64-linux-gnu
Configured with: ../src/configure -v --with-pkgversion='Ubuntu 7.5.0-3ubuntu1~18.04' --with-bugurl=file:///usr/share/doc/gcc-7/README.Bugs --enable-languages=c,ada,c++,go,brig,d,fortran,objc,obj-c++ --prefix=/usr --with-gcc-major-version-only --program-suffix=-7 --program-prefix=x86_64-linux-gnu- --enable-shared --enable-linker-build-id --libexecdir=/usr/lib --without-included-gettext --enable-threads=posix --libdir=/usr/lib --enable-nls --enable-bootstrap --enable-clocale=gnu --enable-libstdcxx-debug --enable-libstdcxx-time=yes --with-default-libstdcxx-abi=new --enable-gnu-unique-object --disable-vtable-verify --enable-libmpx --enable-plugin --enable-default-pie --with-system-zlib --with-target-system-zlib --enable-objc-gc=auto --enable-multiarch --disable-werror --with-arch-32=i686 --with-abi=m64 --with-multilib-list=m32,m64,mx32 --enable-multilib --with-tune=generic --enable-offload-targets=nvptx-none --without-cuda-driver --enable-checking=release --build=x86_64-linux-gnu --host=x86_64-linux-gnu --target=x86_64-linux-gnu
Thread model: posix
gcc version 7.5.0 (Ubuntu 7.5.0-3ubuntu1~18.04) 
configure:3087: $? = 0
configure:3076: g++ -V >&5
g++: error: unrecognized command line option '-V'
g++: fatal error: no input files
compilation terminated.
configure:3087: $? = 1
configure:3076: g++ -qversion >&5
g++: error: unrecognized command line option '-qversion'; did you mean '--version'?
g++: fatal error: no input files
compilation terminated.
configure:3087: $? = 1
configure:3091: checking whether we are using the GNU C++ compiler
configure:3110: g++ -c   conftest.cpp >&5
configure:3110: $? = 0
configure:3119: result: yes
configure:3128: checking whether g++ accepts -g
configure:3148: g++ -c -g  conftest.cpp >&5
configure:3148: $? = 0
configure:3189: result: yes
configure:3222: checking for special C compiler options needed for large files
configure:3267: result: no
configure:3273: checking for _FILE_OFFSET_BITS value needed for large files
configure:3298: gcc -c -g -O2  conftest.c >&5
configure:3298: $? = 0
configure:3330: result: no
configure:3415: checking for _LARGEFILE_SOURCE value needed for large files
configure:3434: gcc -o conftest -g -O2   conftest.c  >&5
configure:3434: $? = 0
configure:3462: result: no
configure:3490: checking how to run the C preprocessor
configure:3521: gcc -E  conftest.c
configure:3521: $? = 0
configure:3535: gcc -E  conftest.c
conftest.c:10:10: fatal error: ac_nonexistent.h: No such file or directory
 #include <ac_nonexistent.h>
          ^~~~~~~~~~~~~~~~~~
compilation terminated.
configure:3535: $? = 1
configure: failed program was:
| /* confdefs.h */
| #define PACKAGE_NAME "f5c"
| #define PACKAGE_TARNAME "f5c"
| #define PACKAGE_VERSION "1.0"
| #define PACKAGE_STRING "f5c 1.0"
| #define PACKAGE_BUGREPORT "hasindu@unsw.edu.au"
| #define PACKAGE_URL ""
| #define HAVE_FSEEKO 1
| /* end confdefs.h.  */
| #include <ac_nonexistent.h>
configure:3560: result: gcc -E
configure:3580: gcc -E  conftest.c
configure:3580: $? = 0
configure:3594: gcc -E  conftest.c
conftest.c:10:10: fatal error: ac_nonexistent.h: No such file or directory
 #include <ac_nonexistent.h>
          ^~~~~~~~~~~~~~~~~~
compilation terminated.
configure:3594: $? = 1
configure: failed program was:
| /* confdefs.h */
| #define PACKAGE_NAME "f5c"
| #define PACKAGE_TARNAME "f5c"
| #define PACKAGE_VERSION "1.0"
| #define PACKAGE_STRING "f5c 1.0"
| #define PACKAGE_BUGREPORT "hasindu@unsw.edu.au"
| #define PACKAGE_URL ""
| #define HAVE_FSEEKO 1
| /* end confdefs.h.  */
| #include <ac_nonexistent.h>
configure:3623: checking for grep that handles long lines and -e
configure:3681: result: /bin/grep
configure:3686: checking for egrep
configure:3748: result: /bin/grep -E
configure:3753: checking for ANSI C header files
configure:3773: gcc -c -g -O2  conftest.c >&5
configure:3773: $? = 0
configure:3846: gcc -o conftest -g -O2   conftest.c  >&5
configure:3846: $? = 0
configure:3846: ./conftest
configure:3846: $? = 0
configure:3857: result: yes
configure:3870: checking for sys/types.h
configure:3870: gcc -c -g -O2  conftest.c >&5
configure:3870: $? = 0
configure:3870: result: yes
configure:3870: checking for sys/stat.h
configure:3870: gcc -c -g -O2  conftest.c >&5
configure:3870: $? = 0
configure:3870: result: yes
configure:3870: checking for stdlib.h
configure:3870: gcc -c -g -O2  conftest.c >&5
configure:3870: $? = 0
configure:3870: result: yes
configure:3870: checking for string.h
configure:3870: gcc -c -g -O2  conftest.c >&5
configure:3870: $? = 0
configure:3870: result: yes
configure:3870: checking for memory.h
configure:3870: gcc -c -g -O2  conftest.c >&5
configure:3870: $? = 0
configure:3870: result: yes
configure:3870: checking for strings.h
configure:3870: gcc -c -g -O2  conftest.c >&5
configure:3870: $? = 0
configure:3870: result: yes
configure:3870: checking for inttypes.h
configure:3870: gcc -c -g -O2  conftest.c >&5
configure:3870: $? = 0
configure:3870: result: yes
configure:3870: checking for stdint.h
configure:3870: gcc -c -g -O2  conftest.c >&5
configure:3870: $? = 0
configure:3870: result: yes
configure:3870: checking for unistd.h
configure:3870: gcc -c -g -O2  conftest.c >&5
configure:3870: $? = 0
configure:3870: result: yes
configure:3885: checking float.h usability
configure:3885: gcc -c -g -O2  conftest.c >&5
configure:3885: $? = 0
configure:3885: result: yes
configure:3885: checking float.h presence
configure:3885: gcc -E  conftest.c
configure:3885: $? = 0
configure:3885: result: yes
configure:3885: checking for float.h
configure:3885: result: yes
configure:3885: checking for inttypes.h
configure:3885: result: yes
configure:3885: checking for stdint.h
configure:3885: result: yes
configure:3885: checking for stdlib.h
configure:3885: result: yes
configure:3885: checking for string.h
configure:3885: result: yes
configure:3885: checking sys/time.h usability
configure:3885: gcc -c -g -O2  conftest.c >&5
configure:3885: $? = 0
configure:3885: result: yes
configure:3885: checking sys/time.h presence
configure:3885: gcc -E  conftest.c
configure:3885: $? = 0
configure:3885: result: yes
configure:3885: checking for sys/time.h
configure:3885: result: yes
configure:3885: checking for unistd.h
configure:3885: result: yes
configure:3885: checking execinfo.h usability
configure:3885: gcc -c -g -O2  conftest.c >&5
configure:3885: $? = 0
configure:3885: result: yes
configure:3885: checking execinfo.h presence
configure:3885: gcc -E  conftest.c
configure:3885: $? = 0
configure:3885: result: yes
configure:3885: checking for execinfo.h
configure:3885: result: yes
configure:3897: checking for stdbool.h that conforms to C99
configure:3964: gcc -c -g -O2  conftest.c >&5
configure:3964: $? = 0
configure:3971: result: yes
configure:3973: checking for _Bool
configure:3973: gcc -c -g -O2  conftest.c >&5
configure:3973: $? = 0
configure:3973: gcc -c -g -O2  conftest.c >&5
conftest.c: In function 'main':
conftest.c:64:20: error: expected expression before ')' token
 if (sizeof ((_Bool)))
                    ^
configure:3973: $? = 1
configure: failed program was:
| /* confdefs.h */
| #define PACKAGE_NAME "f5c"
| #define PACKAGE_TARNAME "f5c"
| #define PACKAGE_VERSION "1.0"
| #define PACKAGE_STRING "f5c 1.0"
| #define PACKAGE_BUGREPORT "hasindu@unsw.edu.au"
| #define PACKAGE_URL ""
| #define HAVE_FSEEKO 1
| #define STDC_HEADERS 1
| #define HAVE_SYS_TYPES_H 1
| #define HAVE_SYS_STAT_H 1
| #define HAVE_STDLIB_H 1
| #define HAVE_STRING_H 1
| #define HAVE_MEMORY_H 1
| #define HAVE_STRINGS_H 1
| #define HAVE_INTTYPES_H 1
| #define HAVE_STDINT_H 1
| #define HAVE_UNISTD_H 1
| #define HAVE_FLOAT_H 1
| #define HAVE_INTTYPES_H 1
| #define HAVE_STDINT_H 1
| #define HAVE_STDLIB_H 1
| #define HAVE_STRING_H 1
| #define HAVE_SYS_TIME_H 1
| #define HAVE_UNISTD_H 1
| #define HAVE_EXECINFO_H 1
| /* end confdefs.h.  */
| #include <stdio.h>
| #ifdef HAVE_SYS_TYPES_H
| # include <sys/types.h>
| #endif
| #ifdef HAVE_SYS_STAT_H
| # include <sys/stat.h>
| #endif
| #ifdef STDC_HEADERS
| # include <stdlib.h>
| # include <stddef.h>
| #else
| # ifdef HAVE_STDLIB_H
| #  include <stdlib.h>
| # endif
| #endif
| #ifdef HAVE_STRING_H
| # if !defined STDC_HEADERS && defined HAVE_MEMORY_H
| #  include <memory.h>
| # endif
| # include <string.h>
| #endif
| #ifdef HAVE_STRINGS_H
| # include <strings.h>
| #endif
| #ifdef HAVE_INTTYPES_H
| # include <inttypes.h>
| #endif
| #ifdef HAVE_STDINT_H
| # include <stdint.h>
| #endif
| #ifdef HAVE_UNISTD_H
| # include <unistd.h>
| #endif
| int
| main ()
| {
| if (sizeof ((_Bool)))
| 	    return 0;
|   ;
|   return 0;
| }
configure:3973: result: yes
configure:3984: checking for inline
configure:4000: gcc -c -g -O2  conftest.c >&5
configure:4000: $? = 0
configure:4008: result: inline
configure:4026: checking for int32_t
configure:4026: gcc -c -g -O2  conftest.c >&5
configure:4026: $? = 0
configure:4026: gcc -c -g -O2  conftest.c >&5
conftest.c: In function 'main':
conftest.c:67:53: warning: integer overflow in expression [-Woverflow]
    < (int32_t) (((((int32_t) 1 << N) << N) - 1) * 2 + 2))];
                                                     ^
conftest.c:66:12: error: storage size of 'test_array' isn't constant
 static int test_array [1 - 2 * !((int32_t) (((((int32_t) 1 << N) << N) - 1) * 2 + 1)
            ^~~~~~~~~~
configure:4026: $? = 1
configure: failed program was:
| /* confdefs.h */
| #define PACKAGE_NAME "f5c"
| #define PACKAGE_TARNAME "f5c"
| #define PACKAGE_VERSION "1.0"
| #define PACKAGE_STRING "f5c 1.0"
| #define PACKAGE_BUGREPORT "hasindu@unsw.edu.au"
| #define PACKAGE_URL ""
| #define HAVE_FSEEKO 1
| #define STDC_HEADERS 1
| #define HAVE_SYS_TYPES_H 1
| #define HAVE_SYS_STAT_H 1
| #define HAVE_STDLIB_H 1
| #define HAVE_STRING_H 1
| #define HAVE_MEMORY_H 1
| #define HAVE_STRINGS_H 1
| #define HAVE_INTTYPES_H 1
| #define HAVE_STDINT_H 1
| #define HAVE_UNISTD_H 1
| #define HAVE_FLOAT_H 1
| #define HAVE_INTTYPES_H 1
| #define HAVE_STDINT_H 1
| #define HAVE_STDLIB_H 1
| #define HAVE_STRING_H 1
| #define HAVE_SYS_TIME_H 1
| #define HAVE_UNISTD_H 1
| #define HAVE_EXECINFO_H 1
| #define HAVE__BOOL 1
| /* end confdefs.h.  */
| #include <stdio.h>
| #ifdef HAVE_SYS_TYPES_H
| # include <sys/types.h>
| #endif
| #ifdef HAVE_SYS_STAT_H
| # include <sys/stat.h>
| #endif
| #ifdef STDC_HEADERS
| # include <stdlib.h>
| # include <stddef.h>
| #else
| # ifdef HAVE_STDLIB_H
| #  include <stdlib.h>
| # endif
| #endif
| #ifdef HAVE_STRING_H
| # if !defined STDC_HEADERS && defined HAVE_MEMORY_H
| #  include <memory.h>
| # endif
| # include <string.h>
| #endif
| #ifdef HAVE_STRINGS_H
| # include <strings.h>
| #endif
| #ifdef HAVE_INTTYPES_H
| # include <inttypes.h>
| #endif
| #ifdef HAVE_STDINT_H
| # include <stdint.h>
| #endif
| #ifdef HAVE_UNISTD_H
| # include <unistd.h>
| #endif
| 	        enum { N = 32 / 2 - 1 };
| int
| main ()
| {
| static int test_array [1 - 2 * !((int32_t) (((((int32_t) 1 << N) << N) - 1) * 2 + 1)
| 		 < (int32_t) (((((int32_t) 1 << N) << N) - 1) * 2 + 2))];
| test_array [0] = 0;
| return test_array [0];
| 
|   ;
|   return 0;
| }
configure:4026: result: yes
configure:4037: checking for size_t
configure:4037: gcc -c -g -O2  conftest.c >&5
configure:4037: $? = 0
configure:4037: gcc -c -g -O2  conftest.c >&5
conftest.c: In function 'main':
conftest.c:65:21: error: expected expression before ')' token
 if (sizeof ((size_t)))
                     ^
configure:4037: $? = 1
configure: failed program was:
| /* confdefs.h */
| #define PACKAGE_NAME "f5c"
| #define PACKAGE_TARNAME "f5c"
| #define PACKAGE_VERSION "1.0"
| #define PACKAGE_STRING "f5c 1.0"
| #define PACKAGE_BUGREPORT "hasindu@unsw.edu.au"
| #define PACKAGE_URL ""
| #define HAVE_FSEEKO 1
| #define STDC_HEADERS 1
| #define HAVE_SYS_TYPES_H 1
| #define HAVE_SYS_STAT_H 1
| #define HAVE_STDLIB_H 1
| #define HAVE_STRING_H 1
| #define HAVE_MEMORY_H 1
| #define HAVE_STRINGS_H 1
| #define HAVE_INTTYPES_H 1
| #define HAVE_STDINT_H 1
| #define HAVE_UNISTD_H 1
| #define HAVE_FLOAT_H 1
| #define HAVE_INTTYPES_H 1
| #define HAVE_STDINT_H 1
| #define HAVE_STDLIB_H 1
| #define HAVE_STRING_H 1
| #define HAVE_SYS_TIME_H 1
| #define HAVE_UNISTD_H 1
| #define HAVE_EXECINFO_H 1
| #define HAVE__BOOL 1
| /* end confdefs.h.  */
| #include <stdio.h>
| #ifdef HAVE_SYS_TYPES_H
| # include <sys/types.h>
| #endif
| #ifdef HAVE_SYS_STAT_H
| # include <sys/stat.h>
| #endif
| #ifdef STDC_HEADERS
| # include <stdlib.h>
| # include <stddef.h>
| #else
| # ifdef HAVE_STDLIB_H
| #  include <stdlib.h>
| # endif
| #endif
| #ifdef HAVE_STRING_H
| # if !defined STDC_HEADERS && defined HAVE_MEMORY_H
| #  include <memory.h>
| # endif
| # include <string.h>
| #endif
| #ifdef HAVE_STRINGS_H
| # include <strings.h>
| #endif
| #ifdef HAVE_INTTYPES_H
| # include <inttypes.h>
| #endif
| #ifdef HAVE_STDINT_H
| # include <stdint.h>
| #endif
| #ifdef HAVE_UNISTD_H
| # include <unistd.h>
| #endif
| int
| main ()
| {
| if (sizeof ((size_t)))
| 	    return 0;
|   ;
|   return 0;
| }
configure:4037: result: yes
configure:4048: checking for ssize_t
configure:4048: gcc -c -g -O2  conftest.c >&5
configure:4048: $? = 0
configure:4048: gcc -c -g -O2  conftest.c >&5
conftest.c: In function 'main':
conftest.c:65:22: error: expected expression before ')' token
 if (sizeof ((ssize_t)))
                      ^
configure:4048: $? = 1
configure: failed program was:
| /* confdefs.h */
| #define PACKAGE_NAME "f5c"
| #define PACKAGE_TARNAME "f5c"
| #define PACKAGE_VERSION "1.0"
| #define PACKAGE_STRING "f5c 1.0"
| #define PACKAGE_BUGREPORT "hasindu@unsw.edu.au"
| #define PACKAGE_URL ""
| #define HAVE_FSEEKO 1
| #define STDC_HEADERS 1
| #define HAVE_SYS_TYPES_H 1
| #define HAVE_SYS_STAT_H 1
| #define HAVE_STDLIB_H 1
| #define HAVE_STRING_H 1
| #define HAVE_MEMORY_H 1
| #define HAVE_STRINGS_H 1
| #define HAVE_INTTYPES_H 1
| #define HAVE_STDINT_H 1
| #define HAVE_UNISTD_H 1
| #define HAVE_FLOAT_H 1
| #define HAVE_INTTYPES_H 1
| #define HAVE_STDINT_H 1
| #define HAVE_STDLIB_H 1
| #define HAVE_STRING_H 1
| #define HAVE_SYS_TIME_H 1
| #define HAVE_UNISTD_H 1
| #define HAVE_EXECINFO_H 1
| #define HAVE__BOOL 1
| /* end confdefs.h.  */
| #include <stdio.h>
| #ifdef HAVE_SYS_TYPES_H
| # include <sys/types.h>
| #endif
| #ifdef HAVE_SYS_STAT_H
| # include <sys/stat.h>
| #endif
| #ifdef STDC_HEADERS
| # include <stdlib.h>
| # include <stddef.h>
| #else
| # ifdef HAVE_STDLIB_H
| #  include <stdlib.h>
| # endif
| #endif
| #ifdef HAVE_STRING_H
| # if !defined STDC_HEADERS && defined HAVE_MEMORY_H
| #  include <memory.h>
| # endif
| # include <string.h>
| #endif
| #ifdef HAVE_STRINGS_H
| # include <strings.h>
| #endif
| #ifdef HAVE_INTTYPES_H
| # include <inttypes.h>
| #endif
| #ifdef HAVE_STDINT_H
| # include <stdint.h>
| #endif
| #ifdef HAVE_UNISTD_H
| # include <unistd.h>
| #endif
| int
| main ()
| {
| if (sizeof ((ssize_t)))
| 	    return 0;
|   ;
|   return 0;
| }
configure:4048: result: yes
configure:4059: checking for uint32_t
configure:4059: gcc -c -g -O2  conftest.c >&5
configure:4059: $? = 0
configure:4059: result: yes
configure:4073: checking for uint64_t
configure:4073: gcc -c -g -O2  conftest.c >&5
configure:4073: $? = 0
configure:4073: result: yes
configure:4087: checking for uint8_t
configure:4087: gcc -c -g -O2  conftest.c >&5
configure:4087: $? = 0
configure:4087: result: yes
configure:4105: checking for stdlib.h
configure:4105: result: yes
configure:4115: checking for GNU libc compatible malloc
configure:4139: gcc -o conftest -g -O2   conftest.c  >&5
configure:4139: $? = 0
configure:4139: ./conftest
configure:4139: $? = 0
configure:4149: result: yes
configure:4173: checking for gettimeofday
configure:4173: gcc -o conftest -g -O2   conftest.c  >&5
configure:4173: $? = 0
configure:4173: result: yes
configure:4173: checking for memset
configure:4173: gcc -o conftest -g -O2   conftest.c  >&5
conftest.c:55:6: warning: conflicting types for built-in function 'memset' [-Wbuiltin-declaration-mismatch]
 char memset ();
      ^~~~~~
configure:4173: $? = 0
configure:4173: result: yes
configure:4173: checking for sqrt
configure:4173: gcc -o conftest -g -O2   conftest.c  >&5
conftest.c:56:6: warning: conflicting types for built-in function 'sqrt' [-Wbuiltin-declaration-mismatch]
 char sqrt ();
      ^~~~
/tmp/ccFcSoZN.o: In function `main':
/applications/nanodip_dependencies/f5c-v0.6/conftest.c:67: undefined reference to `sqrt'
collect2: error: ld returned 1 exit status
configure:4173: $? = 1
configure: failed program was:
| /* confdefs.h */
| #define PACKAGE_NAME "f5c"
| #define PACKAGE_TARNAME "f5c"
| #define PACKAGE_VERSION "1.0"
| #define PACKAGE_STRING "f5c 1.0"
| #define PACKAGE_BUGREPORT "hasindu@unsw.edu.au"
| #define PACKAGE_URL ""
| #define HAVE_FSEEKO 1
| #define STDC_HEADERS 1
| #define HAVE_SYS_TYPES_H 1
| #define HAVE_SYS_STAT_H 1
| #define HAVE_STDLIB_H 1
| #define HAVE_STRING_H 1
| #define HAVE_MEMORY_H 1
| #define HAVE_STRINGS_H 1
| #define HAVE_INTTYPES_H 1
| #define HAVE_STDINT_H 1
| #define HAVE_UNISTD_H 1
| #define HAVE_FLOAT_H 1
| #define HAVE_INTTYPES_H 1
| #define HAVE_STDINT_H 1
| #define HAVE_STDLIB_H 1
| #define HAVE_STRING_H 1
| #define HAVE_SYS_TIME_H 1
| #define HAVE_UNISTD_H 1
| #define HAVE_EXECINFO_H 1
| #define HAVE__BOOL 1
| #define HAVE_STDLIB_H 1
| #define HAVE_MALLOC 1
| #define HAVE_GETTIMEOFDAY 1
| #define HAVE_MEMSET 1
| /* end confdefs.h.  */
| /* Define sqrt to an innocuous variant, in case <limits.h> declares sqrt.
|    For example, HP-UX 11i <limits.h> declares gettimeofday.  */
| #define sqrt innocuous_sqrt
| 
| /* System header to define __stub macros and hopefully few prototypes,
|     which can conflict with char sqrt (); below.
|     Prefer <limits.h> to <assert.h> if __STDC__ is defined, since
|     <limits.h> exists even on freestanding compilers.  */
| 
| #ifdef __STDC__
| # include <limits.h>
| #else
| # include <assert.h>
| #endif
| 
| #undef sqrt
| 
| /* Override any GCC internal prototype to avoid an error.
|    Use char because int might match the return type of a GCC
|    builtin and then its argument prototype would still apply.  */
| #ifdef __cplusplus
| extern "C"
| #endif
| char sqrt ();
| /* The GNU C library defines this for functions which it implements
|     to always fail with ENOSYS.  Some functions are actually named
|     something starting with __ and the normal name is an alias.  */
| #if defined __stub_sqrt || defined __stub___sqrt
| choke me
| #endif
| 
| int
| main ()
| {
| return sqrt ();
|   ;
|   return 0;
| }
configure:4173: result: no
configure:4173: checking for strerror
configure:4173: gcc -o conftest -g -O2   conftest.c  >&5
configure:4173: $? = 0
configure:4173: result: yes
configure:4189: checking for zlib.h
configure:4189: gcc -c -g -O2  conftest.c >&5
configure:4189: $? = 0
configure:4189: result: yes
configure:4198: checking for inflate in -lz
configure:4223: gcc -o conftest -g -O2   conftest.c -lz   >&5
configure:4223: $? = 0
configure:4232: result: yes
configure:4400: checking for ./htslib/htslib/hts.h
configure:4413: result: yes
configure:4421: checking for ./htslib/libhts.a
configure:4434: result: yes
configure:4518: checking for library containing H5Fopen
configure:4549: gcc -o conftest -g -O2   conftest.c -lz  >&5
/tmp/ccg59Xe3.o: In function `main':
/applications/nanodip_dependencies/f5c-v0.6/conftest.c:46: undefined reference to `H5Fopen'
collect2: error: ld returned 1 exit status
configure:4549: $? = 1
configure: failed program was:
| /* confdefs.h */
| #define PACKAGE_NAME "f5c"
| #define PACKAGE_TARNAME "f5c"
| #define PACKAGE_VERSION "1.0"
| #define PACKAGE_STRING "f5c 1.0"
| #define PACKAGE_BUGREPORT "hasindu@unsw.edu.au"
| #define PACKAGE_URL ""
| #define HAVE_FSEEKO 1
| #define STDC_HEADERS 1
| #define HAVE_SYS_TYPES_H 1
| #define HAVE_SYS_STAT_H 1
| #define HAVE_STDLIB_H 1
| #define HAVE_STRING_H 1
| #define HAVE_MEMORY_H 1
| #define HAVE_STRINGS_H 1
| #define HAVE_INTTYPES_H 1
| #define HAVE_STDINT_H 1
| #define HAVE_UNISTD_H 1
| #define HAVE_FLOAT_H 1
| #define HAVE_INTTYPES_H 1
| #define HAVE_STDINT_H 1
| #define HAVE_STDLIB_H 1
| #define HAVE_STRING_H 1
| #define HAVE_SYS_TIME_H 1
| #define HAVE_UNISTD_H 1
| #define HAVE_EXECINFO_H 1
| #define HAVE__BOOL 1
| #define HAVE_STDLIB_H 1
| #define HAVE_MALLOC 1
| #define HAVE_GETTIMEOFDAY 1
| #define HAVE_MEMSET 1
| #define HAVE_STRERROR 1
| #define HAVE_LIBZ 1
| /* end confdefs.h.  */
| 
| /* Override any GCC internal prototype to avoid an error.
|    Use char because int might match the return type of a GCC
|    builtin and then its argument prototype would still apply.  */
| #ifdef __cplusplus
| extern "C"
| #endif
| char H5Fopen ();
| int
| main ()
| {
| return H5Fopen ();
|   ;
|   return 0;
| }
configure:4549: gcc -o conftest -g -O2   conftest.c -lhdf5  -lz  >&5
/usr/bin/ld: cannot find -lhdf5
collect2: error: ld returned 1 exit status
configure:4549: $? = 1
configure: failed program was:
| /* confdefs.h */
| #define PACKAGE_NAME "f5c"
| #define PACKAGE_TARNAME "f5c"
| #define PACKAGE_VERSION "1.0"
| #define PACKAGE_STRING "f5c 1.0"
| #define PACKAGE_BUGREPORT "hasindu@unsw.edu.au"
| #define PACKAGE_URL ""
| #define HAVE_FSEEKO 1
| #define STDC_HEADERS 1
| #define HAVE_SYS_TYPES_H 1
| #define HAVE_SYS_STAT_H 1
| #define HAVE_STDLIB_H 1
| #define HAVE_STRING_H 1
| #define HAVE_MEMORY_H 1
| #define HAVE_STRINGS_H 1
| #define HAVE_INTTYPES_H 1
| #define HAVE_STDINT_H 1
| #define HAVE_UNISTD_H 1
| #define HAVE_FLOAT_H 1
| #define HAVE_INTTYPES_H 1
| #define HAVE_STDINT_H 1
| #define HAVE_STDLIB_H 1
| #define HAVE_STRING_H 1
| #define HAVE_SYS_TIME_H 1
| #define HAVE_UNISTD_H 1
| #define HAVE_EXECINFO_H 1
| #define HAVE__BOOL 1
| #define HAVE_STDLIB_H 1
| #define HAVE_MALLOC 1
| #define HAVE_GETTIMEOFDAY 1
| #define HAVE_MEMSET 1
| #define HAVE_STRERROR 1
| #define HAVE_LIBZ 1
| /* end confdefs.h.  */
| 
| /* Override any GCC internal prototype to avoid an error.
|    Use char because int might match the return type of a GCC
|    builtin and then its argument prototype would still apply.  */
| #ifdef __cplusplus
| extern "C"
| #endif
| char H5Fopen ();
| int
| main ()
| {
| return H5Fopen ();
|   ;
|   return 0;
| }
configure:4549: gcc -o conftest -g -O2   conftest.c -lhdf5_serial  -lz  >&5
configure:4549: $? = 0
configure:4566: result: -lhdf5_serial
configure:4592: checking hdf5.h usability
configure:4592: gcc -c -g -O2  conftest.c >&5
conftest.c:68:10: fatal error: hdf5.h: No such file or directory
 #include <hdf5.h>
          ^~~~~~~~
compilation terminated.
configure:4592: $? = 1
configure: failed program was:
| /* confdefs.h */
| #define PACKAGE_NAME "f5c"
| #define PACKAGE_TARNAME "f5c"
| #define PACKAGE_VERSION "1.0"
| #define PACKAGE_STRING "f5c 1.0"
| #define PACKAGE_BUGREPORT "hasindu@unsw.edu.au"
| #define PACKAGE_URL ""
| #define HAVE_FSEEKO 1
| #define STDC_HEADERS 1
| #define HAVE_SYS_TYPES_H 1
| #define HAVE_SYS_STAT_H 1
| #define HAVE_STDLIB_H 1
| #define HAVE_STRING_H 1
| #define HAVE_MEMORY_H 1
| #define HAVE_STRINGS_H 1
| #define HAVE_INTTYPES_H 1
| #define HAVE_STDINT_H 1
| #define HAVE_UNISTD_H 1
| #define HAVE_FLOAT_H 1
| #define HAVE_INTTYPES_H 1
| #define HAVE_STDINT_H 1
| #define HAVE_STDLIB_H 1
| #define HAVE_STRING_H 1
| #define HAVE_SYS_TIME_H 1
| #define HAVE_UNISTD_H 1
| #define HAVE_EXECINFO_H 1
| #define HAVE__BOOL 1
| #define HAVE_STDLIB_H 1
| #define HAVE_MALLOC 1
| #define HAVE_GETTIMEOFDAY 1
| #define HAVE_MEMSET 1
| #define HAVE_STRERROR 1
| #define HAVE_LIBZ 1
| /* end confdefs.h.  */
| #include <stdio.h>
| #ifdef HAVE_SYS_TYPES_H
| # include <sys/types.h>
| #endif
| #ifdef HAVE_SYS_STAT_H
| # include <sys/stat.h>
| #endif
| #ifdef STDC_HEADERS
| # include <stdlib.h>
| # include <stddef.h>
| #else
| # ifdef HAVE_STDLIB_H
| #  include <stdlib.h>
| # endif
| #endif
| #ifdef HAVE_STRING_H
| # if !defined STDC_HEADERS && defined HAVE_MEMORY_H
| #  include <memory.h>
| # endif
| # include <string.h>
| #endif
| #ifdef HAVE_STRINGS_H
| # include <strings.h>
| #endif
| #ifdef HAVE_INTTYPES_H
| # include <inttypes.h>
| #endif
| #ifdef HAVE_STDINT_H
| # include <stdint.h>
| #endif
| #ifdef HAVE_UNISTD_H
| # include <unistd.h>
| #endif
| #include <hdf5.h>
configure:4592: result: no
configure:4592: checking hdf5.h presence
configure:4592: gcc -E  conftest.c
conftest.c:35:10: fatal error: hdf5.h: No such file or directory
 #include <hdf5.h>
          ^~~~~~~~
compilation terminated.
configure:4592: $? = 1
configure: failed program was:
| /* confdefs.h */
| #define PACKAGE_NAME "f5c"
| #define PACKAGE_TARNAME "f5c"
| #define PACKAGE_VERSION "1.0"
| #define PACKAGE_STRING "f5c 1.0"
| #define PACKAGE_BUGREPORT "hasindu@unsw.edu.au"
| #define PACKAGE_URL ""
| #define HAVE_FSEEKO 1
| #define STDC_HEADERS 1
| #define HAVE_SYS_TYPES_H 1
| #define HAVE_SYS_STAT_H 1
| #define HAVE_STDLIB_H 1
| #define HAVE_STRING_H 1
| #define HAVE_MEMORY_H 1
| #define HAVE_STRINGS_H 1
| #define HAVE_INTTYPES_H 1
| #define HAVE_STDINT_H 1
| #define HAVE_UNISTD_H 1
| #define HAVE_FLOAT_H 1
| #define HAVE_INTTYPES_H 1
| #define HAVE_STDINT_H 1
| #define HAVE_STDLIB_H 1
| #define HAVE_STRING_H 1
| #define HAVE_SYS_TIME_H 1
| #define HAVE_UNISTD_H 1
| #define HAVE_EXECINFO_H 1
| #define HAVE__BOOL 1
| #define HAVE_STDLIB_H 1
| #define HAVE_MALLOC 1
| #define HAVE_GETTIMEOFDAY 1
| #define HAVE_MEMSET 1
| #define HAVE_STRERROR 1
| #define HAVE_LIBZ 1
| /* end confdefs.h.  */
| #include <hdf5.h>
configure:4592: result: no
configure:4592: checking for hdf5.h
configure:4592: result: no
configure:4592: checking hdf5/hdf5.h usability
configure:4592: gcc -c -g -O2  conftest.c >&5
conftest.c:68:10: fatal error: hdf5/hdf5.h: No such file or directory
 #include <hdf5/hdf5.h>
          ^~~~~~~~~~~~~
compilation terminated.
configure:4592: $? = 1
configure: failed program was:
| /* confdefs.h */
| #define PACKAGE_NAME "f5c"
| #define PACKAGE_TARNAME "f5c"
| #define PACKAGE_VERSION "1.0"
| #define PACKAGE_STRING "f5c 1.0"
| #define PACKAGE_BUGREPORT "hasindu@unsw.edu.au"
| #define PACKAGE_URL ""
| #define HAVE_FSEEKO 1
| #define STDC_HEADERS 1
| #define HAVE_SYS_TYPES_H 1
| #define HAVE_SYS_STAT_H 1
| #define HAVE_STDLIB_H 1
| #define HAVE_STRING_H 1
| #define HAVE_MEMORY_H 1
| #define HAVE_STRINGS_H 1
| #define HAVE_INTTYPES_H 1
| #define HAVE_STDINT_H 1
| #define HAVE_UNISTD_H 1
| #define HAVE_FLOAT_H 1
| #define HAVE_INTTYPES_H 1
| #define HAVE_STDINT_H 1
| #define HAVE_STDLIB_H 1
| #define HAVE_STRING_H 1
| #define HAVE_SYS_TIME_H 1
| #define HAVE_UNISTD_H 1
| #define HAVE_EXECINFO_H 1
| #define HAVE__BOOL 1
| #define HAVE_STDLIB_H 1
| #define HAVE_MALLOC 1
| #define HAVE_GETTIMEOFDAY 1
| #define HAVE_MEMSET 1
| #define HAVE_STRERROR 1
| #define HAVE_LIBZ 1
| /* end confdefs.h.  */
| #include <stdio.h>
| #ifdef HAVE_SYS_TYPES_H
| # include <sys/types.h>
| #endif
| #ifdef HAVE_SYS_STAT_H
| # include <sys/stat.h>
| #endif
| #ifdef STDC_HEADERS
| # include <stdlib.h>
| # include <stddef.h>
| #else
| # ifdef HAVE_STDLIB_H
| #  include <stdlib.h>
| # endif
| #endif
| #ifdef HAVE_STRING_H
| # if !defined STDC_HEADERS && defined HAVE_MEMORY_H
| #  include <memory.h>
| # endif
| # include <string.h>
| #endif
| #ifdef HAVE_STRINGS_H
| # include <strings.h>
| #endif
| #ifdef HAVE_INTTYPES_H
| # include <inttypes.h>
| #endif
| #ifdef HAVE_STDINT_H
| # include <stdint.h>
| #endif
| #ifdef HAVE_UNISTD_H
| # include <unistd.h>
| #endif
| #include <hdf5/hdf5.h>
configure:4592: result: no
configure:4592: checking hdf5/hdf5.h presence
configure:4592: gcc -E  conftest.c
conftest.c:35:10: fatal error: hdf5/hdf5.h: No such file or directory
 #include <hdf5/hdf5.h>
          ^~~~~~~~~~~~~
compilation terminated.
configure:4592: $? = 1
configure: failed program was:
| /* confdefs.h */
| #define PACKAGE_NAME "f5c"
| #define PACKAGE_TARNAME "f5c"
| #define PACKAGE_VERSION "1.0"
| #define PACKAGE_STRING "f5c 1.0"
| #define PACKAGE_BUGREPORT "hasindu@unsw.edu.au"
| #define PACKAGE_URL ""
| #define HAVE_FSEEKO 1
| #define STDC_HEADERS 1
| #define HAVE_SYS_TYPES_H 1
| #define HAVE_SYS_STAT_H 1
| #define HAVE_STDLIB_H 1
| #define HAVE_STRING_H 1
| #define HAVE_MEMORY_H 1
| #define HAVE_STRINGS_H 1
| #define HAVE_INTTYPES_H 1
| #define HAVE_STDINT_H 1
| #define HAVE_UNISTD_H 1
| #define HAVE_FLOAT_H 1
| #define HAVE_INTTYPES_H 1
| #define HAVE_STDINT_H 1
| #define HAVE_STDLIB_H 1
| #define HAVE_STRING_H 1
| #define HAVE_SYS_TIME_H 1
| #define HAVE_UNISTD_H 1
| #define HAVE_EXECINFO_H 1
| #define HAVE__BOOL 1
| #define HAVE_STDLIB_H 1
| #define HAVE_MALLOC 1
| #define HAVE_GETTIMEOFDAY 1
| #define HAVE_MEMSET 1
| #define HAVE_STRERROR 1
| #define HAVE_LIBZ 1
| /* end confdefs.h.  */
| #include <hdf5/hdf5.h>
configure:4592: result: no
configure:4592: checking for hdf5/hdf5.h
configure:4592: result: no
configure:4592: checking hdf5/serial/hdf5.h usability
configure:4592: gcc -c -g -O2  conftest.c >&5
configure:4592: $? = 0
configure:4592: result: yes
configure:4592: checking hdf5/serial/hdf5.h presence
configure:4592: gcc -E  conftest.c
configure:4592: $? = 0
configure:4592: result: yes
configure:4592: checking for hdf5/serial/hdf5.h
configure:4592: result: yes
configure:4742: creating ./config.status

## ---------------------- ##
## Running config.status. ##
## ---------------------- ##

This file was extended by f5c config.status 1.0, which was
generated by GNU Autoconf 2.69.  Invocation command line was

  CONFIG_FILES    = 
  CONFIG_HEADERS  = 
  CONFIG_LINKS    = 
  CONFIG_COMMANDS = 
  $ ./config.status 

on meqneuropat03

config.status:821: creating config.mk
config.status:821: creating src/config.h
config.status:991: src/config.h is unchanged

## ---------------- ##
## Cache variables. ##
## ---------------- ##

ac_cv_c_compiler_gnu=yes
ac_cv_c_inline=inline
ac_cv_c_int32_t=yes
ac_cv_c_uint32_t=yes
ac_cv_c_uint64_t=yes
ac_cv_c_uint8_t=yes
ac_cv_cxx_compiler_gnu=yes
ac_cv_env_CCC_set=
ac_cv_env_CCC_value=
ac_cv_env_CC_set=
ac_cv_env_CC_value=
ac_cv_env_CFLAGS_set=
ac_cv_env_CFLAGS_value=
ac_cv_env_CPPFLAGS_set=
ac_cv_env_CPPFLAGS_value=
ac_cv_env_CPP_set=
ac_cv_env_CPP_value=
ac_cv_env_CXXFLAGS_set=
ac_cv_env_CXXFLAGS_value=
ac_cv_env_CXX_set=
ac_cv_env_CXX_value=
ac_cv_env_LDFLAGS_set=
ac_cv_env_LDFLAGS_value=
ac_cv_env_LIBS_set=
ac_cv_env_LIBS_value=
ac_cv_env_build_alias_set=
ac_cv_env_build_alias_value=
ac_cv_env_host_alias_set=
ac_cv_env_host_alias_value=
ac_cv_env_target_alias_set=
ac_cv_env_target_alias_value=
ac_cv_file___htslib_htslib_hts_h=yes
ac_cv_file___htslib_libhts_a=yes
ac_cv_func_gettimeofday=yes
ac_cv_func_malloc_0_nonnull=yes
ac_cv_func_memset=yes
ac_cv_func_sqrt=no
ac_cv_func_strerror=yes
ac_cv_header_execinfo_h=yes
ac_cv_header_float_h=yes
ac_cv_header_hdf5_h=no
ac_cv_header_hdf5_hdf5_h=no
ac_cv_header_hdf5_serial_hdf5_h=yes
ac_cv_header_inttypes_h=yes
ac_cv_header_memory_h=yes
ac_cv_header_stdbool_h=yes
ac_cv_header_stdc=yes
ac_cv_header_stdint_h=yes
ac_cv_header_stdlib_h=yes
ac_cv_header_string_h=yes
ac_cv_header_strings_h=yes
ac_cv_header_sys_stat_h=yes
ac_cv_header_sys_time_h=yes
ac_cv_header_sys_types_h=yes
ac_cv_header_unistd_h=yes
ac_cv_header_zlib_h=yes
ac_cv_lib_z_inflate=yes
ac_cv_objext=o
ac_cv_path_EGREP='/bin/grep -E'
ac_cv_path_GREP=/bin/grep
ac_cv_prog_CPP='gcc -E'
ac_cv_prog_ac_ct_CC=gcc
ac_cv_prog_ac_ct_CXX=g++
ac_cv_prog_cc_c89=
ac_cv_prog_cc_g=yes
ac_cv_prog_cxx_g=yes
ac_cv_search_H5Fopen=-lhdf5_serial
ac_cv_sys_file_offset_bits=no
ac_cv_sys_largefile_CC=no
ac_cv_sys_largefile_source=no
ac_cv_type__Bool=yes
ac_cv_type_size_t=yes
ac_cv_type_ssize_t=yes

## ----------------- ##
## Output variables. ##
## ----------------- ##

CC='gcc'
CFLAGS='-g -O2'
CPP='gcc -E'
CPPFLAGS=''
CXX='g++'
CXXFLAGS='-g -O2'
DEFS='-DHAVE_CONFIG_H'
ECHO_C=''
ECHO_N='-n'
ECHO_T=''
EGREP='/bin/grep -E'
EXEEXT=''
GREP='/bin/grep'
LDFLAGS=''
LIBOBJS=''
LIBS='-lhdf5_serial -lz '
LTLIBOBJS=''
OBJEXT='o'
PACKAGE_BUGREPORT='hasindu@unsw.edu.au'
PACKAGE_NAME='f5c'
PACKAGE_STRING='f5c 1.0'
PACKAGE_TARNAME='f5c'
PACKAGE_URL=''
PACKAGE_VERSION='1.0'
PATH_SEPARATOR=':'
SHELL='/bin/bash'
ac_ct_CC='gcc'
ac_ct_CXX='g++'
bindir='${exec_prefix}/bin'
build_alias=''
datadir='${datarootdir}'
datarootdir='${prefix}/share'
docdir='${datarootdir}/doc/${PACKAGE_TARNAME}'
dvidir='${docdir}'
exec_prefix='${prefix}'
hdf_tar_install='autoconf'
host_alias=''
htmldir='${docdir}'
hts_tar_install='autoconf'
includedir='${prefix}/include'
infodir='${datarootdir}/info'
libdir='${exec_prefix}/lib'
libexecdir='${exec_prefix}/libexec'
localedir='${datarootdir}/locale'
locallibhdf5='no'
locallibhts='yes'
localstatedir='${prefix}/var'
mandir='${datarootdir}/man'
oldincludedir='/usr/include'
pdfdir='${docdir}'
prefix='/usr/local'
program_transform_name='s,x,x,'
psdir='${docdir}'
sbindir='${exec_prefix}/sbin'
sharedstatedir='${prefix}/com'
sysconfdir='${prefix}/etc'
target_alias=''

## ----------- ##
## confdefs.h. ##
## ----------- ##

/* confdefs.h */
#define PACKAGE_NAME "f5c"
#define PACKAGE_TARNAME "f5c"
#define PACKAGE_VERSION "1.0"
#define PACKAGE_STRING "f5c 1.0"
#define PACKAGE_BUGREPORT "hasindu@unsw.edu.au"
#define PACKAGE_URL ""
#define HAVE_FSEEKO 1
#define STDC_HEADERS 1
#define HAVE_SYS_TYPES_H 1
#define HAVE_SYS_STAT_H 1
#define HAVE_STDLIB_H 1
#define HAVE_STRING_H 1
#define HAVE_MEMORY_H 1
#define HAVE_STRINGS_H 1
#define HAVE_INTTYPES_H 1
#define HAVE_STDINT_H 1
#define HAVE_UNISTD_H 1
#define HAVE_FLOAT_H 1
#define HAVE_INTTYPES_H 1
#define HAVE_STDINT_H 1
#define HAVE_STDLIB_H 1
#define HAVE_STRING_H 1
#define HAVE_SYS_TIME_H 1
#define HAVE_UNISTD_H 1
#define HAVE_EXECINFO_H 1
#define HAVE__BOOL 1
#define HAVE_STDLIB_H 1
#define HAVE_MALLOC 1
#define HAVE_GETTIMEOFDAY 1
#define HAVE_MEMSET 1
#define HAVE_STRERROR 1
#define HAVE_LIBZ 1
#define HAVE_HDF5_SERIAL_HDF5_H 1

configure: exit 0
