This file contains any messages produced by compilers while
running configure, to aid debugging if configure makes a mistake.

It was created by Samtools configure 1.13-26-gf6ab19d, which was
generated by GNU Autoconf 2.69.  Invocation command line was

  $ ./configure --with-htslib=./htslib

## --------- ##
## Platform. ##
## --------- ##

hostname = meqneuropat03
uname -m = x86_64
uname -r = 4.15.0-158-generic
uname -s = Linux
uname -v = #166-Ubuntu SMP Fri Sep 17 19:37:52 UTC 2021

/usr/bin/uname -p = unknown
/bin/uname -X     = unknown

/bin/arch              = unknown
/usr/bin/arch -k       = unknown
/usr/convex/getsysinfo = unknown
/usr/bin/hostinfo      = unknown
/bin/machine           = unknown
/usr/bin/oslevel       = unknown
/bin/universe          = unknown

PATH: /usr/local/sbin
PATH: /usr/local/bin
PATH: /usr/sbin
PATH: /usr/bin
PATH: /sbin
PATH: /bin
PATH: /usr/games
PATH: /usr/local/games
PATH: /snap/bin


## ----------- ##
## Core tests. ##
## ----------- ##

configure:2164: checking for gawk
configure:2180: found /usr/bin/gawk
configure:2191: result: gawk
configure:2250: checking for gcc
configure:2266: found /usr/bin/gcc
configure:2277: result: gcc
configure:2506: checking for C compiler version
configure:2515: gcc --version >&5
gcc (Ubuntu 7.5.0-3ubuntu1~18.04) 7.5.0
Copyright (C) 2017 Free Software Foundation, Inc.
This is free software; see the source for copying conditions.  There is NO
warranty; not even for MERCHANTABILITY or FITNESS FOR A PARTICULAR PURPOSE.

configure:2526: $? = 0
configure:2515: gcc -v >&5
Using built-in specs.
COLLECT_GCC=gcc
COLLECT_LTO_WRAPPER=/usr/lib/gcc/x86_64-linux-gnu/7/lto-wrapper
OFFLOAD_TARGET_NAMES=nvptx-none
OFFLOAD_TARGET_DEFAULT=1
Target: x86_64-linux-gnu
Configured with: ../src/configure -v --with-pkgversion='Ubuntu 7.5.0-3ubuntu1~18.04' --with-bugurl=file:///usr/share/doc/gcc-7/README.Bugs --enable-languages=c,ada,c++,go,brig,d,fortran,objc,obj-c++ --prefix=/usr --with-gcc-major-version-only --program-suffix=-7 --program-prefix=x86_64-linux-gnu- --enable-shared --enable-linker-build-id --libexecdir=/usr/lib --without-included-gettext --enable-threads=posix --libdir=/usr/lib --enable-nls --enable-bootstrap --enable-clocale=gnu --enable-libstdcxx-debug --enable-libstdcxx-time=yes --with-default-libstdcxx-abi=new --enable-gnu-unique-object --disable-vtable-verify --enable-libmpx --enable-plugin --enable-default-pie --with-system-zlib --with-target-system-zlib --enable-objc-gc=auto --enable-multiarch --disable-werror --with-arch-32=i686 --with-abi=m64 --with-multilib-list=m32,m64,mx32 --enable-multilib --with-tune=generic --enable-offload-targets=nvptx-none --without-cuda-driver --enable-checking=release --build=x86_64-linux-gnu --host=x86_64-linux-gnu --target=x86_64-linux-gnu
Thread model: posix
gcc version 7.5.0 (Ubuntu 7.5.0-3ubuntu1~18.04) 
configure:2526: $? = 0
configure:2515: gcc -V >&5
gcc: error: unrecognized command line option '-V'
gcc: fatal error: no input files
compilation terminated.
configure:2526: $? = 1
configure:2515: gcc -qversion >&5
gcc: error: unrecognized command line option '-qversion'; did you mean '--version'?
gcc: fatal error: no input files
compilation terminated.
configure:2526: $? = 1
configure:2546: checking whether the C compiler works
configure:2568: gcc    conftest.c  >&5
configure:2572: $? = 0
configure:2620: result: yes
configure:2623: checking for C compiler default output file name
configure:2625: result: a.out
configure:2631: checking for suffix of executables
configure:2638: gcc -o conftest    conftest.c  >&5
configure:2642: $? = 0
configure:2664: result: 
configure:2686: checking whether we are cross compiling
configure:2694: gcc -o conftest    conftest.c  >&5
configure:2698: $? = 0
configure:2705: ./conftest
configure:2709: $? = 0
configure:2724: result: no
configure:2729: checking for suffix of object files
configure:2751: gcc -c   conftest.c >&5
configure:2755: $? = 0
configure:2776: result: o
configure:2780: checking whether we are using the GNU C compiler
configure:2799: gcc -c   conftest.c >&5
configure:2799: $? = 0
configure:2808: result: yes
configure:2817: checking whether gcc accepts -g
configure:2837: gcc -c -g  conftest.c >&5
configure:2837: $? = 0
configure:2878: result: yes
configure:2895: checking for gcc option to accept ISO C89
configure:2958: gcc  -c -g -O2  conftest.c >&5
configure:2958: $? = 0
configure:2971: result: none needed
configure:2992: checking for grep that handles long lines and -e
configure:3050: result: /bin/grep
configure:3075: checking for C compiler warning flags
configure:3187: result: -Wall
configure:3281: checking for special C compiler options needed for large files
configure:3326: result: no
configure:3332: checking for _FILE_OFFSET_BITS value needed for large files
configure:3357: gcc -c  -Wall -g -O2  conftest.c >&5
configure:3357: $? = 0
configure:3389: result: no
configure:3782: checking for NcursesW wide-character library
configure:3806: gcc -o conftest  -Wall -g -O2   conftest.c  -lncursesw >&5
/usr/bin/ld: cannot find -lncursesw
collect2: error: ld returned 1 exit status
configure:3806: $? = 1
configure: failed program was:
| /* confdefs.h */
| #define PACKAGE_NAME "Samtools"
| #define PACKAGE_TARNAME "samtools"
| #define PACKAGE_VERSION "1.13-26-gf6ab19d"
| #define PACKAGE_STRING "Samtools 1.13-26-gf6ab19d"
| #define PACKAGE_BUGREPORT "samtools-help@lists.sourceforge.net"
| #define PACKAGE_URL "http://www.htslib.org/"
| /* end confdefs.h.  */
| 
| /* Override any GCC internal prototype to avoid an error.
|    Use char because int might match the return type of a GCC
|    builtin and then its argument prototype would still apply.  */
| #ifdef __cplusplus
| extern "C"
| #endif
| char initscr ();
| int
| main ()
| {
| return initscr ();
|   ;
|   return 0;
| }
configure:3815: result: no
configure:4105: checking for Ncurses library
configure:4129: gcc -o conftest  -Wall -g -O2   conftest.c  -lncurses >&5
configure:4129: $? = 0
configure:4138: result: yes
configure:4151: checking for working ncurses/curses.h
configure:4178: gcc -o conftest  -Wall -g -O2   conftest.c  -lncurses >&5
conftest.c:10:26: fatal error: ncurses/curses.h: No such file or directory
                 #include <ncurses/curses.h>
                          ^~~~~~~~~~~~~~~~~~
compilation terminated.
configure:4178: $? = 1
configure: failed program was:
| /* confdefs.h */
| #define PACKAGE_NAME "Samtools"
| #define PACKAGE_TARNAME "samtools"
| #define PACKAGE_VERSION "1.13-26-gf6ab19d"
| #define PACKAGE_STRING "Samtools 1.13-26-gf6ab19d"
| #define PACKAGE_BUGREPORT "samtools-help@lists.sourceforge.net"
| #define PACKAGE_URL "http://www.htslib.org/"
| /* end confdefs.h.  */
| 
|                 #include <ncurses/curses.h>
| 
| int
| main ()
| {
| 
|                 chtype a = A_BOLD;
|                 int b = KEY_LEFT;
|                 chtype c = COLOR_PAIR(1) & A_COLOR;
|                 int g = getattrs(stdscr);
|                 int h = getcurx(stdscr) + getmaxx(stdscr);
|                 initscr();
|                 init_pair(1, COLOR_WHITE, COLOR_RED);
| 
|   ;
|   return 0;
| }
configure:4187: result: no
configure:4204: checking for working ncurses.h
configure:4231: gcc -o conftest  -Wall -g -O2   conftest.c  -lncurses >&5
conftest.c: In function 'main':
conftest.c:20:21: warning: unused variable 'h' [-Wunused-variable]
                 int h = getcurx(stdscr) + getmaxx(stdscr);
                     ^
conftest.c:19:21: warning: unused variable 'g' [-Wunused-variable]
                 int g = getattrs(stdscr);
                     ^
conftest.c:18:24: warning: unused variable 'c' [-Wunused-variable]
                 chtype c = COLOR_PAIR(1) & A_COLOR;
                        ^
conftest.c:17:21: warning: unused variable 'b' [-Wunused-variable]
                 int b = KEY_LEFT;
                     ^
conftest.c:16:24: warning: unused variable 'a' [-Wunused-variable]
                 chtype a = A_BOLD;
                        ^
configure:4231: $? = 0
configure:4240: result: yes
configure:4570: checking for library containing cbreak
configure:4601: gcc -o conftest  -Wall -g -O2   conftest.c  -lncurses >&5
configure:4601: $? = 0
configure:4618: result: none required
configure:4670: checking for zlib.h
configure:4670: gcc -c  -Wall -g -O2  conftest.c >&5
configure:4670: $? = 0
configure:4670: result: yes
configure:4679: checking for inflate in -lz
configure:4704: gcc -o conftest  -Wall -g -O2   conftest.c -lz   >&5
configure:4704: $? = 0
configure:4713: result: yes
configure:4739: checking for library containing regcomp
configure:4770: gcc -o conftest  -Wall -g -O2   conftest.c  >&5
configure:4770: $? = 0
configure:4787: result: none required
configure:4929: creating ./config.status

## ---------------------- ##
## Running config.status. ##
## ---------------------- ##

This file was extended by Samtools config.status 1.13-26-gf6ab19d, which was
generated by GNU Autoconf 2.69.  Invocation command line was

  CONFIG_FILES    = 
  CONFIG_HEADERS  = 
  CONFIG_LINKS    = 
  CONFIG_COMMANDS = 
  $ ./config.status 

on meqneuropat03

config.status:802: creating config.mk
config.status:802: creating config.h
config.status:972: config.h is unchanged

## ---------------- ##
## Cache variables. ##
## ---------------- ##

ac_cv_c_compiler_gnu=yes
ac_cv_env_CC_set=
ac_cv_env_CC_value=
ac_cv_env_CFLAGS_set=
ac_cv_env_CFLAGS_value=
ac_cv_env_CPPFLAGS_set=
ac_cv_env_CPPFLAGS_value=
ac_cv_env_CURSES_LIB_set=
ac_cv_env_CURSES_LIB_value=
ac_cv_env_LDFLAGS_set=
ac_cv_env_LDFLAGS_value=
ac_cv_env_LIBS_set=
ac_cv_env_LIBS_value=
ac_cv_env_build_alias_set=
ac_cv_env_build_alias_value=
ac_cv_env_host_alias_set=
ac_cv_env_host_alias_value=
ac_cv_env_target_alias_set=
ac_cv_env_target_alias_value=
ac_cv_header_zlib_h=yes
ac_cv_lib_z_inflate=yes
ac_cv_objext=o
ac_cv_path_GREP=/bin/grep
ac_cv_prog_AWK=gawk
ac_cv_prog_ac_ct_CC=gcc
ac_cv_prog_cc_c89=
ac_cv_prog_cc_g=yes
ac_cv_search_cbreak='none required'
ac_cv_search_regcomp='none required'
ac_cv_sys_file_offset_bits=no
ac_cv_sys_largefile_CC=no
ax_cv_curses=yes
ax_cv_curses_color=yes
ax_cv_curses_enhanced=no
ax_cv_curses_obsolete=yes
ax_cv_curses_which=ncurses
ax_cv_header_ncurses_curses_h=no
ax_cv_header_ncurses_h=yes
ax_cv_htslib=yes
ax_cv_htslib_which=source
ax_cv_ncurses=yes
ax_cv_ncursesw=no
hts_cv_prog_cc_warnings=-Wall

## ----------------- ##
## Output variables. ##
## ----------------- ##

AWK='gawk'
CC='gcc'
CFLAGS=' -Wall -g -O2'
CPPFLAGS=''
CURSES_LIB='-lncurses'
DEFS='-DHAVE_CONFIG_H'
ECHO_C=''
ECHO_N='-n'
ECHO_T=''
EXEEXT=''
GREP='/bin/grep'
HTSDIR='./htslib'
HTSLIB_CPPFLAGS='-I./htslib'
HTSLIB_LDFLAGS='-L./htslib'
Hinstall='#'
Hsource=''
LDFLAGS=''
LIBOBJS=''
LIBS=''
LTLIBOBJS=''
OBJEXT='o'
PACKAGE_BUGREPORT='samtools-help@lists.sourceforge.net'
PACKAGE_NAME='Samtools'
PACKAGE_STRING='Samtools 1.13-26-gf6ab19d'
PACKAGE_TARNAME='samtools'
PACKAGE_URL='http://www.htslib.org/'
PACKAGE_VERSION='1.13-26-gf6ab19d'
PATH_SEPARATOR=':'
SHELL='/bin/bash'
ac_ct_CC='gcc'
bindir='${exec_prefix}/bin'
build_alias=''
datadir='${datarootdir}'
datarootdir='${prefix}/share'
docdir='${datarootdir}/doc/${PACKAGE_TARNAME}'
dvidir='${docdir}'
exec_prefix='${prefix}'
host_alias='unknown-Linux'
htmldir='${docdir}'
includedir='${prefix}/include'
infodir='${datarootdir}/info'
libdir='${exec_prefix}/lib'
libexecdir='${exec_prefix}/libexec'
localedir='${datarootdir}/locale'
localstatedir='${prefix}/var'
mandir='${datarootdir}/man'
oldincludedir='/usr/include'
pdfdir='${docdir}'
prefix='/usr/local'
program_transform_name='s,x,x,'
psdir='${docdir}'
runstatedir='${localstatedir}/run'
sbindir='${exec_prefix}/sbin'
sharedstatedir='${prefix}/com'
subdirs=''
sysconfdir='${prefix}/etc'
target_alias=''

## ----------- ##
## confdefs.h. ##
## ----------- ##

/* confdefs.h */
#define PACKAGE_NAME "Samtools"
#define PACKAGE_TARNAME "samtools"
#define PACKAGE_VERSION "1.13-26-gf6ab19d"
#define PACKAGE_STRING "Samtools 1.13-26-gf6ab19d"
#define PACKAGE_BUGREPORT "samtools-help@lists.sourceforge.net"
#define PACKAGE_URL "http://www.htslib.org/"
#define HAVE_NCURSES_H 1
#define HAVE_NCURSES 1
#define HAVE_CURSES 1
#define HAVE_CURSES_COLOR 1
#define HAVE_CURSES_OBSOLETE 1
#define HAVE_LIBZ 1

configure: exit 0
